{"uid":"f9afdae78d63f5ea","name":"Add a single item to the cart","fullName":"src/test/resources/features/inventory.feature:12","historyId":"423470cac0483d00fe49a3c71cc52910","time":{"start":1771606383722,"stop":1771606410744,"duration":27022},"description":"  As a logged in user\n  I want to add, remove, and purchase products from the inventory\n  So that I can complete the full shopping flow","descriptionHtml":"<p>As a logged in user<br />\nI want to add, remove, and purchase products from the inventory<br />\nSo that I can complete the full shopping flow</p>\n","status":"broken","statusMessage":"Expected condition failed: waiting for url to contain \"cart.html\". Current url: \"https://www.saucedemo.com/inventory.html\" (tried for 10 second(s) with 500 milliseconds interval)\nBuild info: version: '4.21.0', revision: '79ed462ef4'\nSystem info: os.name: 'Linux', os.arch: 'amd64', os.version: '6.11.0-1018-azure', java.version: '17.0.18'\nDriver info: org.openqa.selenium.chrome.ChromeDriver\nCapabilities {acceptInsecureCerts: false, browserName: chrome, browserVersion: 144.0.7559.109, chrome: {chromedriverVersion: 144.0.7559.109 (6a8d5e49388..., userDataDir: /tmp/org.chromium.Chromium....}, fedcm:accounts: true, goog:chromeOptions: {debuggerAddress: localhost:40863}, goog:processID: 3013, networkConnectionEnabled: false, pageLoadStrategy: normal, platformName: linux, proxy: Proxy(), se:cdp: ws://localhost:40863/devtoo..., se:cdpVersion: 144.0.7559.109, setWindowRect: true, strictFileInteractability: false, timeouts: {implicit: 0, pageLoad: 300000, script: 30000}, unhandledPromptBehavior: dismiss and notify, webauthn:extension:credBlob: true, webauthn:extension:largeBlob: true, webauthn:extension:minPinLength: true, webauthn:extension:prf: true, webauthn:virtualAuthenticators: true}\nSession ID: 762f1b1aa6ca27fb32429f29c7930377","statusTrace":"org.openqa.selenium.TimeoutException: Expected condition failed: waiting for url to contain \"cart.html\". Current url: \"https://www.saucedemo.com/inventory.html\" (tried for 10 second(s) with 500 milliseconds interval)\nBuild info: version: '4.21.0', revision: '79ed462ef4'\nSystem info: os.name: 'Linux', os.arch: 'amd64', os.version: '6.11.0-1018-azure', java.version: '17.0.18'\nDriver info: org.openqa.selenium.chrome.ChromeDriver\nCapabilities {acceptInsecureCerts: false, browserName: chrome, browserVersion: 144.0.7559.109, chrome: {chromedriverVersion: 144.0.7559.109 (6a8d5e49388..., userDataDir: /tmp/org.chromium.Chromium....}, fedcm:accounts: true, goog:chromeOptions: {debuggerAddress: localhost:40863}, goog:processID: 3013, networkConnectionEnabled: false, pageLoadStrategy: normal, platformName: linux, proxy: Proxy(), se:cdp: ws://localhost:40863/devtoo..., se:cdpVersion: 144.0.7559.109, setWindowRect: true, strictFileInteractability: false, timeouts: {implicit: 0, pageLoad: 300000, script: 30000}, unhandledPromptBehavior: dismiss and notify, webauthn:extension:credBlob: true, webauthn:extension:largeBlob: true, webauthn:extension:minPinLength: true, webauthn:extension:prf: true, webauthn:virtualAuthenticators: true}\nSession ID: 762f1b1aa6ca27fb32429f29c7930377\n\tat org.openqa.selenium.support.ui.WebDriverWait.timeoutException(WebDriverWait.java:84)\n\tat org.openqa.selenium.support.ui.FluentWait.until(FluentWait.java:228)\n\tat com.saucedemo.pages.InventoryPage.goToCart(InventoryPage.java:58)\n\tat com.saucedemo.stepDefinitions.InventorySteps.i_go_to_the_shopping_cart(InventorySteps.java:29)\n\tat ✽.I go to the shopping cart(file:///home/runner/work/CucumberFramework/CucumberFramework/src/test/resources/features/inventory.feature:15)\n","flaky":false,"newFailed":false,"newBroken":false,"newPassed":false,"retriesCount":0,"retriesStatusChange":false,"beforeStages":[],"testStage":{"description":"  As a logged in user\n  I want to add, remove, and purchase products from the inventory\n  So that I can complete the full shopping flow","status":"broken","statusMessage":"Expected condition failed: waiting for url to contain \"cart.html\". Current url: \"https://www.saucedemo.com/inventory.html\" (tried for 10 second(s) with 500 milliseconds interval)\nBuild info: version: '4.21.0', revision: '79ed462ef4'\nSystem info: os.name: 'Linux', os.arch: 'amd64', os.version: '6.11.0-1018-azure', java.version: '17.0.18'\nDriver info: org.openqa.selenium.chrome.ChromeDriver\nCapabilities {acceptInsecureCerts: false, browserName: chrome, browserVersion: 144.0.7559.109, chrome: {chromedriverVersion: 144.0.7559.109 (6a8d5e49388..., userDataDir: /tmp/org.chromium.Chromium....}, fedcm:accounts: true, goog:chromeOptions: {debuggerAddress: localhost:40863}, goog:processID: 3013, networkConnectionEnabled: false, pageLoadStrategy: normal, platformName: linux, proxy: Proxy(), se:cdp: ws://localhost:40863/devtoo..., se:cdpVersion: 144.0.7559.109, setWindowRect: true, strictFileInteractability: false, timeouts: {implicit: 0, pageLoad: 300000, script: 30000}, unhandledPromptBehavior: dismiss and notify, webauthn:extension:credBlob: true, webauthn:extension:largeBlob: true, webauthn:extension:minPinLength: true, webauthn:extension:prf: true, webauthn:virtualAuthenticators: true}\nSession ID: 762f1b1aa6ca27fb32429f29c7930377","statusTrace":"org.openqa.selenium.TimeoutException: Expected condition failed: waiting for url to contain \"cart.html\". Current url: \"https://www.saucedemo.com/inventory.html\" (tried for 10 second(s) with 500 milliseconds interval)\nBuild info: version: '4.21.0', revision: '79ed462ef4'\nSystem info: os.name: 'Linux', os.arch: 'amd64', os.version: '6.11.0-1018-azure', java.version: '17.0.18'\nDriver info: org.openqa.selenium.chrome.ChromeDriver\nCapabilities {acceptInsecureCerts: false, browserName: chrome, browserVersion: 144.0.7559.109, chrome: {chromedriverVersion: 144.0.7559.109 (6a8d5e49388..., userDataDir: /tmp/org.chromium.Chromium....}, fedcm:accounts: true, goog:chromeOptions: {debuggerAddress: localhost:40863}, goog:processID: 3013, networkConnectionEnabled: false, pageLoadStrategy: normal, platformName: linux, proxy: Proxy(), se:cdp: ws://localhost:40863/devtoo..., se:cdpVersion: 144.0.7559.109, setWindowRect: true, strictFileInteractability: false, timeouts: {implicit: 0, pageLoad: 300000, script: 30000}, unhandledPromptBehavior: dismiss and notify, webauthn:extension:credBlob: true, webauthn:extension:largeBlob: true, webauthn:extension:minPinLength: true, webauthn:extension:prf: true, webauthn:virtualAuthenticators: true}\nSession ID: 762f1b1aa6ca27fb32429f29c7930377\n\tat org.openqa.selenium.support.ui.WebDriverWait.timeoutException(WebDriverWait.java:84)\n\tat org.openqa.selenium.support.ui.FluentWait.until(FluentWait.java:228)\n\tat com.saucedemo.pages.InventoryPage.goToCart(InventoryPage.java:58)\n\tat com.saucedemo.stepDefinitions.InventorySteps.i_go_to_the_shopping_cart(InventorySteps.java:29)\n\tat ✽.I go to the shopping cart(file:///home/runner/work/CucumberFramework/CucumberFramework/src/test/resources/features/inventory.feature:15)\n","steps":[{"name":"Given I am on the SauceDemo login page","time":{"start":1771606383726,"stop":1771606397093,"duration":13367},"status":"passed","steps":[],"attachments":[],"parameters":[],"stepsCount":0,"shouldDisplayMessage":false,"attachmentsCount":0,"hasContent":false,"attachmentStep":false},{"name":"And I enter username \"standard_user\" and password \"secret_sauce\"","time":{"start":1771606397093,"stop":1771606398641,"duration":1548},"status":"passed","steps":[],"attachments":[],"parameters":[],"stepsCount":0,"shouldDisplayMessage":false,"attachmentsCount":0,"hasContent":false,"attachmentStep":false},{"name":"And I click the login button","time":{"start":1771606398641,"stop":1771606399381,"duration":740},"status":"passed","steps":[],"attachments":[],"parameters":[],"stepsCount":0,"shouldDisplayMessage":false,"attachmentsCount":0,"hasContent":false,"attachmentStep":false},{"name":"When I add \"Sauce Labs Backpack\" to the inventory","time":{"start":1771606399381,"stop":1771606399787,"duration":406},"status":"passed","steps":[],"attachments":[],"parameters":[],"stepsCount":0,"shouldDisplayMessage":false,"attachmentsCount":0,"hasContent":false,"attachmentStep":false},{"name":"Then the inventory cart badge should show 1","time":{"start":1771606399789,"stop":1771606399875,"duration":86},"status":"passed","steps":[],"attachments":[],"parameters":[],"stepsCount":0,"shouldDisplayMessage":false,"attachmentsCount":0,"hasContent":false,"attachmentStep":false},{"name":"When I go to the shopping cart","time":{"start":1771606399881,"stop":1771606410628,"duration":10747},"status":"broken","statusMessage":"Expected condition failed: waiting for url to contain \"cart.html\". Current url: \"https://www.saucedemo.com/inventory.html\" (tried for 10 second(s) with 500 milliseconds interval)\nBuild info: version: '4.21.0', revision: '79ed462ef4'\nSystem info: os.name: 'Linux', os.arch: 'amd64', os.version: '6.11.0-1018-azure', java.version: '17.0.18'\nDriver info: org.openqa.selenium.chrome.ChromeDriver\nCapabilities {acceptInsecureCerts: false, browserName: chrome, browserVersion: 144.0.7559.109, chrome: {chromedriverVersion: 144.0.7559.109 (6a8d5e49388..., userDataDir: /tmp/org.chromium.Chromium....}, fedcm:accounts: true, goog:chromeOptions: {debuggerAddress: localhost:40863}, goog:processID: 3013, networkConnectionEnabled: false, pageLoadStrategy: normal, platformName: linux, proxy: Proxy(), se:cdp: ws://localhost:40863/devtoo..., se:cdpVersion: 144.0.7559.109, setWindowRect: true, strictFileInteractability: false, timeouts: {implicit: 0, pageLoad: 300000, script: 30000}, unhandledPromptBehavior: dismiss and notify, webauthn:extension:credBlob: true, webauthn:extension:largeBlob: true, webauthn:extension:minPinLength: true, webauthn:extension:prf: true, webauthn:virtualAuthenticators: true}\nSession ID: 762f1b1aa6ca27fb32429f29c7930377","statusTrace":"org.openqa.selenium.TimeoutException: Expected condition failed: waiting for url to contain \"cart.html\". Current url: \"https://www.saucedemo.com/inventory.html\" (tried for 10 second(s) with 500 milliseconds interval)\nBuild info: version: '4.21.0', revision: '79ed462ef4'\nSystem info: os.name: 'Linux', os.arch: 'amd64', os.version: '6.11.0-1018-azure', java.version: '17.0.18'\nDriver info: org.openqa.selenium.chrome.ChromeDriver\nCapabilities {acceptInsecureCerts: false, browserName: chrome, browserVersion: 144.0.7559.109, chrome: {chromedriverVersion: 144.0.7559.109 (6a8d5e49388..., userDataDir: /tmp/org.chromium.Chromium....}, fedcm:accounts: true, goog:chromeOptions: {debuggerAddress: localhost:40863}, goog:processID: 3013, networkConnectionEnabled: false, pageLoadStrategy: normal, platformName: linux, proxy: Proxy(), se:cdp: ws://localhost:40863/devtoo..., se:cdpVersion: 144.0.7559.109, setWindowRect: true, strictFileInteractability: false, timeouts: {implicit: 0, pageLoad: 300000, script: 30000}, unhandledPromptBehavior: dismiss and notify, webauthn:extension:credBlob: true, webauthn:extension:largeBlob: true, webauthn:extension:minPinLength: true, webauthn:extension:prf: true, webauthn:virtualAuthenticators: true}\nSession ID: 762f1b1aa6ca27fb32429f29c7930377\n\tat org.openqa.selenium.support.ui.WebDriverWait.timeoutException(WebDriverWait.java:84)\n\tat org.openqa.selenium.support.ui.FluentWait.until(FluentWait.java:228)\n\tat com.saucedemo.pages.InventoryPage.goToCart(InventoryPage.java:58)\n\tat com.saucedemo.stepDefinitions.InventorySteps.i_go_to_the_shopping_cart(InventorySteps.java:29)\n\tat ✽.I go to the shopping cart(file:///home/runner/work/CucumberFramework/CucumberFramework/src/test/resources/features/inventory.feature:15)\n","steps":[],"attachments":[],"parameters":[],"stepsCount":0,"shouldDisplayMessage":true,"attachmentsCount":0,"hasContent":true,"attachmentStep":false},{"name":"Then \"Sauce Labs Backpack\" should be in the cart","time":{"start":1771606410629,"stop":1771606410629,"duration":0},"status":"skipped","steps":[],"attachments":[],"parameters":[],"stepsCount":0,"shouldDisplayMessage":false,"attachmentsCount":0,"hasContent":false,"attachmentStep":false}],"attachments":[],"parameters":[],"stepsCount":7,"shouldDisplayMessage":false,"attachmentsCount":0,"hasContent":true,"attachmentStep":false},"afterStages":[{"name":"com.saucedemo.stepDefinitions.Hooks.tearDown(io.cucumber.java.Scenario)","time":{"start":1771606410629,"stop":1771606410743,"duration":114},"status":"passed","steps":[],"attachments":[{"uid":"15d84e9a81d1dd22","name":"Failure Screenshot","source":"15d84e9a81d1dd22.png","type":"image/png","size":54494}],"parameters":[],"stepsCount":0,"shouldDisplayMessage":false,"attachmentsCount":1,"hasContent":true,"attachmentStep":false}],"labels":[{"name":"host","value":"runnervmwffz4"},{"name":"thread","value":"2592@runnervmwffz4.TestNG-PoolService-9(26)"},{"name":"feature","value":"Inventory Page Functionality"},{"name":"story","value":"Add a single item to the cart"},{"name":"suite","value":"Inventory Page Functionality"},{"name":"testClass","value":"Add a single item to the cart"},{"name":"framework","value":"cucumber4jvm"},{"name":"language","value":"java"},{"name":"gherkin_uri","value":"file:///home/runner/work/CucumberFramework/CucumberFramework/src/test/resources/features/inventory.feature"},{"name":"package","value":"src.test.resources.features.inventory_feature.Inventory Page Functionality"},{"name":"resultFormat","value":"allure2"}],"parameters":[],"links":[],"hidden":true,"retry":true,"extra":{"categories":[],"tags":[]},"source":"f9afdae78d63f5ea.json","parameterValues":[]}